#! /c/Source/iverilog-install/bin/vvp
:ivl_version "12.0 (devel)" "(s20150603-1539-g2693dd32b)";
:ivl_delay_selection "TYPICAL";
:vpi_time_precision - 12;
:vpi_module "C:\iverilog\lib\ivl\system.vpi";
:vpi_module "C:\iverilog\lib\ivl\vhdl_sys.vpi";
:vpi_module "C:\iverilog\lib\ivl\vhdl_textio.vpi";
:vpi_module "C:\iverilog\lib\ivl\v2005_math.vpi";
:vpi_module "C:\iverilog\lib\ivl\va_math.vpi";
S_000001e05bb08410 .scope module, "tb_allModules" "tb_allModules" 2 3;
 .timescale -9 -12;
v000001e05bb5c5a0_0 .var "clk", 0 0;
v000001e05bb5c140_0 .var "currentState", 2 0;
v000001e05bb5ce60_0 .var/i "i", 31 0;
v000001e05bb5cf00_0 .var "inputCount", 2 0;
v000001e05bb5dd60_0 .net "nextState", 2 0, v000001e05bafdbe0_0;  1 drivers
v000001e05bb5c8c0_0 .var "reset", 0 0;
v000001e05bb5c1e0_0 .net "rgb", 2 0, L_000001e05bb5d720;  1 drivers
v000001e05bb5d040_0 .net "rgb_out", 2 0, L_000001e05bb5fe80;  1 drivers
v000001e05bb5d0e0_0 .var "tb_clk", 0 0;
v000001e05bb5d5e0_0 .net "tb_count", 2 0, v000001e05bb5dcc0_0;  1 drivers
v000001e05bb5d680_0 .var "tb_reset", 0 0;
S_000001e05bae6090 .scope module, "uut_counterToLights" "counterToLights" 2 96, 3 44 0, S_000001e05bb08410;
 .timescale 0 0;
    .port_info 0 /INPUT 3 "count";
    .port_info 1 /OUTPUT 3 "rgb";
L_000001e05bb5eb60 .functor NOT 1, L_000001e05bb5f8e0, C4<0>, C4<0>, C4<0>;
L_000001e05bb5ebd0 .functor NOT 1, L_000001e05bb5fc00, C4<0>, C4<0>, C4<0>;
L_000001e05bb5ec40 .functor AND 1, L_000001e05bb5eb60, L_000001e05bb5ebd0, C4<1>, C4<1>;
L_000001e05bb5eee0 .functor XOR 1, L_000001e05bb5d860, L_000001e05bb5f8e0, C4<0>, C4<0>;
L_000001e05bb5e310 .functor AND 1, L_000001e05bb5fc00, L_000001e05bb5eee0, C4<1>, C4<1>;
L_000001e05bb5e690 .functor OR 1, L_000001e05bb5ec40, L_000001e05bb5e310, C4<0>, C4<0>;
L_000001e05bb5e460 .functor NOT 1, L_000001e05bb5d860, C4<0>, C4<0>, C4<0>;
L_000001e05bb5e150 .functor NOT 1, L_000001e05bb5f8e0, C4<0>, C4<0>, C4<0>;
L_000001e05bb5e380 .functor AND 1, L_000001e05bb5e460, L_000001e05bb5e150, C4<1>, C4<1>;
L_000001e05bb5e770 .functor NOT 1, L_000001e05bb5fc00, C4<0>, C4<0>, C4<0>;
L_000001e05bb5ecb0 .functor XOR 1, L_000001e05bb5d860, L_000001e05bb5f8e0, C4<0>, C4<0>;
L_000001e05bb5ef50 .functor AND 1, L_000001e05bb5e770, L_000001e05bb5ecb0, C4<1>, C4<1>;
L_000001e05bb5e1c0 .functor OR 1, L_000001e05bb5e380, L_000001e05bb5ef50, C4<0>, C4<0>;
L_000001e05bb5f030 .functor NOT 1, L_000001e05bb5d860, C4<0>, C4<0>, C4<0>;
L_000001e05bb5e2a0 .functor NOT 1, L_000001e05bb5fc00, C4<0>, C4<0>, C4<0>;
L_000001e05bb5e7e0 .functor AND 1, L_000001e05bb5f030, L_000001e05bb5e2a0, C4<1>, C4<1>;
L_000001e05bb61730 .functor XOR 1, L_000001e05bb5f8e0, L_000001e05bb5fc00, C4<0>, C4<0>;
L_000001e05bb62060 .functor AND 1, L_000001e05bb5d860, L_000001e05bb61730, C4<1>, C4<1>;
L_000001e05bb61960 .functor OR 1, L_000001e05bb5e7e0, L_000001e05bb62060, C4<0>, C4<0>;
v000001e05bafc240_0 .net *"_ivl_10", 0 0, L_000001e05bb5ebd0;  1 drivers
v000001e05bafd280_0 .net *"_ivl_12", 0 0, L_000001e05bb5ec40;  1 drivers
v000001e05bafcba0_0 .net *"_ivl_14", 0 0, L_000001e05bb5eee0;  1 drivers
v000001e05bafc4c0_0 .net *"_ivl_16", 0 0, L_000001e05bb5e310;  1 drivers
v000001e05bafc380_0 .net *"_ivl_18", 0 0, L_000001e05bb5e690;  1 drivers
v000001e05bafcd80_0 .net *"_ivl_22", 0 0, L_000001e05bb5e460;  1 drivers
v000001e05bafcec0_0 .net *"_ivl_24", 0 0, L_000001e05bb5e150;  1 drivers
v000001e05bafc060_0 .net *"_ivl_26", 0 0, L_000001e05bb5e380;  1 drivers
v000001e05bafd5a0_0 .net *"_ivl_28", 0 0, L_000001e05bb5e770;  1 drivers
v000001e05bafc740_0 .net *"_ivl_30", 0 0, L_000001e05bb5ecb0;  1 drivers
v000001e05bafcf60_0 .net *"_ivl_32", 0 0, L_000001e05bb5ef50;  1 drivers
v000001e05bafd140_0 .net *"_ivl_34", 0 0, L_000001e05bb5e1c0;  1 drivers
v000001e05bafd8c0_0 .net *"_ivl_39", 0 0, L_000001e05bb5f030;  1 drivers
v000001e05bafc420_0 .net *"_ivl_41", 0 0, L_000001e05bb5e2a0;  1 drivers
v000001e05bafd460_0 .net *"_ivl_43", 0 0, L_000001e05bb5e7e0;  1 drivers
v000001e05bafc6a0_0 .net *"_ivl_45", 0 0, L_000001e05bb61730;  1 drivers
v000001e05bafd000_0 .net *"_ivl_47", 0 0, L_000001e05bb62060;  1 drivers
v000001e05bafd0a0_0 .net *"_ivl_49", 0 0, L_000001e05bb61960;  1 drivers
v000001e05bafd1e0_0 .net *"_ivl_8", 0 0, L_000001e05bb5eb60;  1 drivers
v000001e05bafc2e0_0 .net "a", 0 0, L_000001e05bb5d860;  1 drivers
v000001e05bafd640_0 .net "b", 0 0, L_000001e05bb5f8e0;  1 drivers
v000001e05bafd6e0_0 .net "c", 0 0, L_000001e05bb5fc00;  1 drivers
v000001e05bafdaa0_0 .net "count", 2 0, v000001e05bb5cf00_0;  1 drivers
v000001e05bafd960_0 .net "rgb", 2 0, L_000001e05bb5fe80;  alias, 1 drivers
L_000001e05bb5d860 .part v000001e05bb5cf00_0, 2, 1;
L_000001e05bb5f8e0 .part v000001e05bb5cf00_0, 1, 1;
L_000001e05bb5fc00 .part v000001e05bb5cf00_0, 0, 1;
L_000001e05bb5fe80 .concat8 [ 1 1 1 0], L_000001e05bb61960, L_000001e05bb5e1c0, L_000001e05bb5e690;
S_000001e05bae6220 .scope module, "uut_getNextState" "getNextState" 2 44, 3 1 0, S_000001e05bb08410;
 .timescale 0 0;
    .port_info 0 /INPUT 3 "currentState";
    .port_info 1 /OUTPUT 3 "nextState";
v000001e05bafdb40_0 .net "currentState", 2 0, v000001e05bb5c140_0;  1 drivers
v000001e05bafdbe0_0 .var "nextState", 2 0;
v000001e05bafd500_0 .var "t0", 0 0;
v000001e05bafcc40_0 .var "t1", 0 0;
v000001e05bafc560_0 .var "t2", 0 0;
E_000001e05baffd00 .event anyedge, v000001e05bafdb40_0, v000001e05bafd500_0, v000001e05bafcc40_0, v000001e05bafc560_0;
S_000001e05baedd20 .scope module, "uut_rgbLighter" "rgbLighter" 2 10, 3 58 0, S_000001e05bb08410;
 .timescale 0 0;
    .port_info 0 /INPUT 1 "clk";
    .port_info 1 /INPUT 1 "reset";
    .port_info 2 /OUTPUT 3 "rgb";
v000001e05bb5d180_0 .net "clk", 0 0, v000001e05bb5c5a0_0;  1 drivers
v000001e05bb5d220_0 .net "count", 2 0, v000001e05bafc100_0;  1 drivers
v000001e05bb5cc80_0 .net "reset", 0 0, v000001e05bb5c8c0_0;  1 drivers
v000001e05bb5c280_0 .net "rgb", 2 0, L_000001e05bb5d720;  alias, 1 drivers
S_000001e05baedeb0 .scope module, "counter_inst" "threeBitCounter" 3 65, 3 23 0, S_000001e05baedd20;
 .timescale 0 0;
    .port_info 0 /INPUT 1 "clk";
    .port_info 1 /INPUT 1 "reset";
    .port_info 2 /OUTPUT 3 "count";
v000001e05bafdf00_0 .net "clk", 0 0, v000001e05bb5c5a0_0;  alias, 1 drivers
v000001e05bafc100_0 .var "count", 2 0;
v000001e05bafc1a0_0 .net "nextState", 2 0, v000001e05bafcb00_0;  1 drivers
v000001e05bafc880_0 .net "reset", 0 0, v000001e05bb5c8c0_0;  alias, 1 drivers
E_000001e05baffe00 .event posedge, v000001e05bafdf00_0;
S_000001e05baeb2e0 .scope module, "gns" "getNextState" 3 30, 3 1 0, S_000001e05baedeb0;
 .timescale 0 0;
    .port_info 0 /INPUT 3 "currentState";
    .port_info 1 /OUTPUT 3 "nextState";
v000001e05bafdc80_0 .net "currentState", 2 0, v000001e05bafc100_0;  alias, 1 drivers
v000001e05bafcb00_0 .var "nextState", 2 0;
v000001e05bafdd20_0 .var "t0", 0 0;
v000001e05bafde60_0 .var "t1", 0 0;
v000001e05bafcce0_0 .var "t2", 0 0;
E_000001e05baffe40 .event anyedge, v000001e05bafdc80_0, v000001e05bafdd20_0, v000001e05bafde60_0, v000001e05bafcce0_0;
S_000001e05baeb470 .scope module, "mapping_inst" "counterToLights" 3 71, 3 44 0, S_000001e05baedd20;
 .timescale 0 0;
    .port_info 0 /INPUT 3 "count";
    .port_info 1 /OUTPUT 3 "rgb";
L_000001e05bb5e9a0 .functor NOT 1, L_000001e05bb5c780, C4<0>, C4<0>, C4<0>;
L_000001e05bb5e230 .functor NOT 1, L_000001e05bb5c960, C4<0>, C4<0>, C4<0>;
L_000001e05bb5ea80 .functor AND 1, L_000001e05bb5e9a0, L_000001e05bb5e230, C4<1>, C4<1>;
L_000001e05bb5e8c0 .functor XOR 1, L_000001e05bb5c640, L_000001e05bb5c780, C4<0>, C4<0>;
L_000001e05bb5e700 .functor AND 1, L_000001e05bb5c960, L_000001e05bb5e8c0, C4<1>, C4<1>;
L_000001e05bb5efc0 .functor OR 1, L_000001e05bb5ea80, L_000001e05bb5e700, C4<0>, C4<0>;
L_000001e05bb5ea10 .functor NOT 1, L_000001e05bb5c640, C4<0>, C4<0>, C4<0>;
L_000001e05bb5ee00 .functor NOT 1, L_000001e05bb5c780, C4<0>, C4<0>, C4<0>;
L_000001e05bb5ed20 .functor AND 1, L_000001e05bb5ea10, L_000001e05bb5ee00, C4<1>, C4<1>;
L_000001e05bb5e540 .functor NOT 1, L_000001e05bb5c960, C4<0>, C4<0>, C4<0>;
L_000001e05bb5ed90 .functor XOR 1, L_000001e05bb5c640, L_000001e05bb5c780, C4<0>, C4<0>;
L_000001e05bb5e3f0 .functor AND 1, L_000001e05bb5e540, L_000001e05bb5ed90, C4<1>, C4<1>;
L_000001e05bb5e4d0 .functor OR 1, L_000001e05bb5ed20, L_000001e05bb5e3f0, C4<0>, C4<0>;
L_000001e05bb5ee70 .functor NOT 1, L_000001e05bb5c640, C4<0>, C4<0>, C4<0>;
L_000001e05bb5e5b0 .functor NOT 1, L_000001e05bb5c960, C4<0>, C4<0>, C4<0>;
L_000001e05bb5e930 .functor AND 1, L_000001e05bb5ee70, L_000001e05bb5e5b0, C4<1>, C4<1>;
L_000001e05bb5e850 .functor XOR 1, L_000001e05bb5c780, L_000001e05bb5c960, C4<0>, C4<0>;
L_000001e05bb5e620 .functor AND 1, L_000001e05bb5c640, L_000001e05bb5e850, C4<1>, C4<1>;
L_000001e05bb5eaf0 .functor OR 1, L_000001e05bb5e930, L_000001e05bb5e620, C4<0>, C4<0>;
v000001e05bafca60_0 .net *"_ivl_10", 0 0, L_000001e05bb5e230;  1 drivers
v000001e05bae3310_0 .net *"_ivl_12", 0 0, L_000001e05bb5ea80;  1 drivers
v000001e05bae3770_0 .net *"_ivl_14", 0 0, L_000001e05bb5e8c0;  1 drivers
v000001e05bb5c6e0_0 .net *"_ivl_16", 0 0, L_000001e05bb5e700;  1 drivers
v000001e05bb5d2c0_0 .net *"_ivl_18", 0 0, L_000001e05bb5efc0;  1 drivers
v000001e05bb5db80_0 .net *"_ivl_22", 0 0, L_000001e05bb5ea10;  1 drivers
v000001e05bb5d4a0_0 .net *"_ivl_24", 0 0, L_000001e05bb5ee00;  1 drivers
v000001e05bb5d900_0 .net *"_ivl_26", 0 0, L_000001e05bb5ed20;  1 drivers
v000001e05bb5de00_0 .net *"_ivl_28", 0 0, L_000001e05bb5e540;  1 drivers
v000001e05bb5cd20_0 .net *"_ivl_30", 0 0, L_000001e05bb5ed90;  1 drivers
v000001e05bb5d400_0 .net *"_ivl_32", 0 0, L_000001e05bb5e3f0;  1 drivers
v000001e05bb5cdc0_0 .net *"_ivl_34", 0 0, L_000001e05bb5e4d0;  1 drivers
v000001e05bb5dae0_0 .net *"_ivl_39", 0 0, L_000001e05bb5ee70;  1 drivers
v000001e05bb5c3c0_0 .net *"_ivl_41", 0 0, L_000001e05bb5e5b0;  1 drivers
v000001e05bb5c820_0 .net *"_ivl_43", 0 0, L_000001e05bb5e930;  1 drivers
v000001e05bb5dea0_0 .net *"_ivl_45", 0 0, L_000001e05bb5e850;  1 drivers
v000001e05bb5d9a0_0 .net *"_ivl_47", 0 0, L_000001e05bb5e620;  1 drivers
v000001e05bb5ca00_0 .net *"_ivl_49", 0 0, L_000001e05bb5eaf0;  1 drivers
v000001e05bb5da40_0 .net *"_ivl_8", 0 0, L_000001e05bb5e9a0;  1 drivers
v000001e05bb5caa0_0 .net "a", 0 0, L_000001e05bb5c640;  1 drivers
v000001e05bb5df40_0 .net "b", 0 0, L_000001e05bb5c780;  1 drivers
v000001e05bb5c500_0 .net "c", 0 0, L_000001e05bb5c960;  1 drivers
v000001e05bb5cfa0_0 .net "count", 2 0, v000001e05bafc100_0;  alias, 1 drivers
v000001e05bb5d7c0_0 .net "rgb", 2 0, L_000001e05bb5d720;  alias, 1 drivers
L_000001e05bb5c640 .part v000001e05bafc100_0, 2, 1;
L_000001e05bb5c780 .part v000001e05bafc100_0, 1, 1;
L_000001e05bb5c960 .part v000001e05bafc100_0, 0, 1;
L_000001e05bb5d720 .concat8 [ 1 1 1 0], L_000001e05bb5eaf0, L_000001e05bb5e4d0, L_000001e05bb5efc0;
S_000001e05bae7770 .scope module, "uut_threeBitCounter" "threeBitCounter" 2 67, 3 23 0, S_000001e05bb08410;
 .timescale 0 0;
    .port_info 0 /INPUT 1 "clk";
    .port_info 1 /INPUT 1 "reset";
    .port_info 2 /OUTPUT 3 "count";
v000001e05bb5cb40_0 .net "clk", 0 0, v000001e05bb5d0e0_0;  1 drivers
v000001e05bb5dcc0_0 .var "count", 2 0;
v000001e05bb5d540_0 .net "nextState", 2 0, v000001e05bb5dc20_0;  1 drivers
v000001e05bb5dfe0_0 .net "reset", 0 0, v000001e05bb5d680_0;  1 drivers
E_000001e05bafefc0 .event posedge, v000001e05bb5cb40_0;
S_000001e05bae7900 .scope module, "gns" "getNextState" 3 30, 3 1 0, S_000001e05bae7770;
 .timescale 0 0;
    .port_info 0 /INPUT 3 "currentState";
    .port_info 1 /OUTPUT 3 "nextState";
v000001e05bb5c460_0 .net "currentState", 2 0, v000001e05bb5dcc0_0;  alias, 1 drivers
v000001e05bb5dc20_0 .var "nextState", 2 0;
v000001e05bb5cbe0_0 .var "t0", 0 0;
v000001e05bb5c320_0 .var "t1", 0 0;
v000001e05bb5d360_0 .var "t2", 0 0;
E_000001e05bafe380 .event anyedge, v000001e05bb5c460_0, v000001e05bb5cbe0_0, v000001e05bb5c320_0, v000001e05bb5d360_0;
    .scope S_000001e05baeb2e0;
T_0 ;
    %wait E_000001e05baffe40;
    %pushi/vec4 1, 0, 1;
    %store/vec4 v000001e05bafdd20_0, 0, 1;
    %load/vec4 v000001e05bafdc80_0;
    %parti/s 1, 0, 2;
    %store/vec4 v000001e05bafde60_0, 0, 1;
    %load/vec4 v000001e05bafdc80_0;
    %parti/s 1, 1, 2;
    %load/vec4 v000001e05bafdc80_0;
    %parti/s 1, 0, 2;
    %and;
    %store/vec4 v000001e05bafcce0_0, 0, 1;
    %load/vec4 v000001e05bafdc80_0;
    %parti/s 1, 0, 2;
    %load/vec4 v000001e05bafdd20_0;
    %xor;
    %ix/load 4, 0, 0;
    %flag_set/imm 4, 0;
    %store/vec4 v000001e05bafcb00_0, 4, 1;
    %load/vec4 v000001e05bafdc80_0;
    %parti/s 1, 1, 2;
    %load/vec4 v000001e05bafde60_0;
    %xor;
    %ix/load 4, 1, 0;
    %flag_set/imm 4, 0;
    %store/vec4 v000001e05bafcb00_0, 4, 1;
    %load/vec4 v000001e05bafdc80_0;
    %parti/s 1, 2, 3;
    %load/vec4 v000001e05bafcce0_0;
    %xor;
    %ix/load 4, 2, 0;
    %flag_set/imm 4, 0;
    %store/vec4 v000001e05bafcb00_0, 4, 1;
    %load/vec4 v000001e05bafdc80_0;
    %cmpi/e 7, 0, 3;
    %jmp/0xz  T_0.0, 4;
    %pushi/vec4 1, 0, 3;
    %store/vec4 v000001e05bafcb00_0, 0, 3;
T_0.0 ;
    %jmp T_0;
    .thread T_0, $push;
    .scope S_000001e05baedeb0;
T_1 ;
    %wait E_000001e05baffe00;
    %load/vec4 v000001e05bafc880_0;
    %flag_set/vec4 8;
    %jmp/0xz  T_1.0, 8;
    %pushi/vec4 0, 0, 3;
    %assign/vec4 v000001e05bafc100_0, 0;
    %jmp T_1.1;
T_1.0 ;
    %load/vec4 v000001e05bafc1a0_0;
    %assign/vec4 v000001e05bafc100_0, 0;
T_1.1 ;
    %jmp T_1;
    .thread T_1;
    .scope S_000001e05bae6220;
T_2 ;
    %wait E_000001e05baffd00;
    %pushi/vec4 1, 0, 1;
    %store/vec4 v000001e05bafd500_0, 0, 1;
    %load/vec4 v000001e05bafdb40_0;
    %parti/s 1, 0, 2;
    %store/vec4 v000001e05bafcc40_0, 0, 1;
    %load/vec4 v000001e05bafdb40_0;
    %parti/s 1, 1, 2;
    %load/vec4 v000001e05bafdb40_0;
    %parti/s 1, 0, 2;
    %and;
    %store/vec4 v000001e05bafc560_0, 0, 1;
    %load/vec4 v000001e05bafdb40_0;
    %parti/s 1, 0, 2;
    %load/vec4 v000001e05bafd500_0;
    %xor;
    %ix/load 4, 0, 0;
    %flag_set/imm 4, 0;
    %store/vec4 v000001e05bafdbe0_0, 4, 1;
    %load/vec4 v000001e05bafdb40_0;
    %parti/s 1, 1, 2;
    %load/vec4 v000001e05bafcc40_0;
    %xor;
    %ix/load 4, 1, 0;
    %flag_set/imm 4, 0;
    %store/vec4 v000001e05bafdbe0_0, 4, 1;
    %load/vec4 v000001e05bafdb40_0;
    %parti/s 1, 2, 3;
    %load/vec4 v000001e05bafc560_0;
    %xor;
    %ix/load 4, 2, 0;
    %flag_set/imm 4, 0;
    %store/vec4 v000001e05bafdbe0_0, 4, 1;
    %load/vec4 v000001e05bafdb40_0;
    %cmpi/e 7, 0, 3;
    %jmp/0xz  T_2.0, 4;
    %pushi/vec4 1, 0, 3;
    %store/vec4 v000001e05bafdbe0_0, 0, 3;
T_2.0 ;
    %jmp T_2;
    .thread T_2, $push;
    .scope S_000001e05bae7900;
T_3 ;
    %wait E_000001e05bafe380;
    %pushi/vec4 1, 0, 1;
    %store/vec4 v000001e05bb5cbe0_0, 0, 1;
    %load/vec4 v000001e05bb5c460_0;
    %parti/s 1, 0, 2;
    %store/vec4 v000001e05bb5c320_0, 0, 1;
    %load/vec4 v000001e05bb5c460_0;
    %parti/s 1, 1, 2;
    %load/vec4 v000001e05bb5c460_0;
    %parti/s 1, 0, 2;
    %and;
    %store/vec4 v000001e05bb5d360_0, 0, 1;
    %load/vec4 v000001e05bb5c460_0;
    %parti/s 1, 0, 2;
    %load/vec4 v000001e05bb5cbe0_0;
    %xor;
    %ix/load 4, 0, 0;
    %flag_set/imm 4, 0;
    %store/vec4 v000001e05bb5dc20_0, 4, 1;
    %load/vec4 v000001e05bb5c460_0;
    %parti/s 1, 1, 2;
    %load/vec4 v000001e05bb5c320_0;
    %xor;
    %ix/load 4, 1, 0;
    %flag_set/imm 4, 0;
    %store/vec4 v000001e05bb5dc20_0, 4, 1;
    %load/vec4 v000001e05bb5c460_0;
    %parti/s 1, 2, 3;
    %load/vec4 v000001e05bb5d360_0;
    %xor;
    %ix/load 4, 2, 0;
    %flag_set/imm 4, 0;
    %store/vec4 v000001e05bb5dc20_0, 4, 1;
    %load/vec4 v000001e05bb5c460_0;
    %cmpi/e 7, 0, 3;
    %jmp/0xz  T_3.0, 4;
    %pushi/vec4 1, 0, 3;
    %store/vec4 v000001e05bb5dc20_0, 0, 3;
T_3.0 ;
    %jmp T_3;
    .thread T_3, $push;
    .scope S_000001e05bae7770;
T_4 ;
    %wait E_000001e05bafefc0;
    %load/vec4 v000001e05bb5dfe0_0;
    %flag_set/vec4 8;
    %jmp/0xz  T_4.0, 8;
    %pushi/vec4 0, 0, 3;
    %assign/vec4 v000001e05bb5dcc0_0, 0;
    %jmp T_4.1;
T_4.0 ;
    %load/vec4 v000001e05bb5d540_0;
    %assign/vec4 v000001e05bb5dcc0_0, 0;
T_4.1 ;
    %jmp T_4;
    .thread T_4;
    .scope S_000001e05bb08410;
T_5 ;
    %pushi/vec4 0, 0, 1;
    %store/vec4 v000001e05bb5c5a0_0, 0, 1;
    %end;
    .thread T_5;
    .scope S_000001e05bb08410;
T_6 ;
    %delay 5000, 0;
    %load/vec4 v000001e05bb5c5a0_0;
    %inv;
    %store/vec4 v000001e05bb5c5a0_0, 0, 1;
    %jmp T_6;
    .thread T_6;
    .scope S_000001e05bb08410;
T_7 ;
    %vpi_call 2 23 "$display", "=== rgbLighter test ===" {0 0 0};
    %vpi_call 2 24 "$display", "Time\011clk\011reset\011rgb" {0 0 0};
    %vpi_call 2 25 "$monitor", "%0dns\011%b\011%b\011%03b", $time, v000001e05bb5c5a0_0, v000001e05bb5c8c0_0, v000001e05bb5c1e0_0 {0 0 0};
    %vpi_call 2 27 "$dumpfile", "wave.vcd" {0 0 0};
    %vpi_call 2 28 "$dumpvars", 32'sb00000000000000000000000000000000, S_000001e05bb08410 {0 0 0};
    %pushi/vec4 1, 0, 1;
    %store/vec4 v000001e05bb5c8c0_0, 0, 1;
    %delay 10000, 0;
    %pushi/vec4 0, 0, 1;
    %store/vec4 v000001e05bb5c8c0_0, 0, 1;
    %delay 200000, 0;
    %vpi_call 2 35 "$display", "=== End rgbLighter test ===\012" {0 0 0};
    %vpi_call 2 36 "$monitoroff" {0 0 0};
    %end;
    .thread T_7;
    .scope S_000001e05bb08410;
T_8 ;
    %delay 220000, 0;
    %vpi_call 2 51 "$display", "=== getNextState test ===" {0 0 0};
    %vpi_call 2 52 "$display", "CurrentState | NextState" {0 0 0};
    %pushi/vec4 0, 0, 32;
    %store/vec4 v000001e05bb5ce60_0, 0, 32;
T_8.0 ;
    %load/vec4 v000001e05bb5ce60_0;
    %cmpi/s 8, 0, 32;
    %jmp/0xz T_8.1, 5;
    %load/vec4 v000001e05bb5ce60_0;
    %pad/s 3;
    %store/vec4 v000001e05bb5c140_0, 0, 3;
    %delay 10000, 0;
    %vpi_call 2 56 "$display", "    %b     |    %b", v000001e05bb5c140_0, v000001e05bb5dd60_0 {0 0 0};
    %load/vec4 v000001e05bb5ce60_0;
    %addi 1, 0, 32;
    %store/vec4 v000001e05bb5ce60_0, 0, 32;
    %jmp T_8.0;
T_8.1 ;
    %vpi_call 2 58 "$display", "=== End getNextState test ===\012" {0 0 0};
    %end;
    .thread T_8;
    .scope S_000001e05bb08410;
T_9 ;
    %pushi/vec4 0, 0, 1;
    %store/vec4 v000001e05bb5d0e0_0, 0, 1;
    %end;
    .thread T_9;
    .scope S_000001e05bb08410;
T_10 ;
    %delay 7000, 0;
    %load/vec4 v000001e05bb5d0e0_0;
    %inv;
    %store/vec4 v000001e05bb5d0e0_0, 0, 1;
    %jmp T_10;
    .thread T_10;
    .scope S_000001e05bb08410;
T_11 ;
    %delay 500000, 0;
    %vpi_call 2 79 "$display", "=== threeBitCounter test ===" {0 0 0};
    %pushi/vec4 1, 0, 1;
    %store/vec4 v000001e05bb5d680_0, 0, 1;
    %delay 14000, 0;
    %pushi/vec4 0, 0, 1;
    %store/vec4 v000001e05bb5d680_0, 0, 1;
    %pushi/vec4 10, 0, 32;
T_11.0 %dup/vec4;
    %pushi/vec4 0, 0, 32;
    %cmp/s;
    %jmp/1xz T_11.1, 5;
    %jmp/1 T_11.1, 4;
    %pushi/vec4 1, 0, 32;
    %sub;
    %wait E_000001e05bafefc0;
    %vpi_call 2 86 "$display", "At time %0t ns, count = %b", $time, v000001e05bb5d5e0_0 {0 0 0};
    %jmp T_11.0;
T_11.1 ;
    %pop/vec4 1;
    %vpi_call 2 88 "$display", "=== End threeBitCounter test ===\012" {0 0 0};
    %end;
    .thread T_11;
    .scope S_000001e05bb08410;
T_12 ;
    %delay 1000000, 0;
    %vpi_call 2 103 "$display", "=== counterToLights test ===" {0 0 0};
    %vpi_call 2 104 "$display", "Count | RGB" {0 0 0};
    %pushi/vec4 0, 0, 32;
    %store/vec4 v000001e05bb5ce60_0, 0, 32;
T_12.0 ;
    %load/vec4 v000001e05bb5ce60_0;
    %cmpi/s 8, 0, 32;
    %jmp/0xz T_12.1, 5;
    %load/vec4 v000001e05bb5ce60_0;
    %pad/s 3;
    %store/vec4 v000001e05bb5cf00_0, 0, 3;
    %delay 10000, 0;
    %vpi_call 2 108 "$display", " %03b  | %03b", v000001e05bb5cf00_0, v000001e05bb5d040_0 {0 0 0};
    %load/vec4 v000001e05bb5ce60_0;
    %addi 1, 0, 32;
    %store/vec4 v000001e05bb5ce60_0, 0, 32;
    %jmp T_12.0;
T_12.1 ;
    %vpi_call 2 110 "$display", "=== End counterToLights test ===\012" {0 0 0};
    %vpi_call 2 111 "$finish" {0 0 0};
    %end;
    .thread T_12;
# The file index is used to find the file name in the following table.
:file_names 4;
    "N/A";
    "<interactive>";
    "testbench.v";
    "module.v";
